{
  "RSpec": {
    "coverage": {
      "/Users/RyanWhitten/Web Development/setlistr/app/models/user.rb": [
        1,
        1,
        1,
        1,
        null,
        1,
        null,
        null,
        null
      ],
      "/Users/RyanWhitten/Web Development/setlistr/app/helpers/application_helper.rb": [
        1,
        null
      ],
      "/Users/RyanWhitten/Web Development/setlistr/app/controllers/pages_controller.rb": [
        1,
        1,
        8,
        8,
        null,
        8,
        null,
        null
      ],
      "/Users/RyanWhitten/Web Development/setlistr/app/controllers/application_controller.rb": [
        1,
        null,
        null,
        1,
        null
      ]
    },
    "timestamp": 1473535264
  }
}
