{
  "RSpec": {
    "coverage": {
      "/Users/RyanWhitten/Web Development/setlistr/app/models/user.rb": [
        1,
        1,
        1,
        1,
        null,
        1,
        1,
        null,
        1,
        null,
        null,
        null
      ],
      "/Users/RyanWhitten/Web Development/setlistr/app/helpers/application_helper.rb": [
        1,
        null
      ],
      "/Users/RyanWhitten/Web Development/setlistr/app/models/band.rb": [
        1,
        1,
        null,
        1,
        1,
        null
      ],
      "/Users/RyanWhitten/Web Development/setlistr/app/models/setlist.rb": [
        1,
        1,
        1,
        1,
        null
      ],
      "/Users/RyanWhitten/Web Development/setlistr/app/controllers/application_controller.rb": [
        1,
        null,
        null,
        1,
        null
      ],
      "/Users/RyanWhitten/Web Development/setlistr/app/controllers/pages_controller.rb": [
        1,
        1,
        17,
        null,
        null
      ],
      "/Users/RyanWhitten/Web Development/setlistr/app/controllers/bands_controller.rb": [
        1,
        1,
        null,
        1,
        4,
        null,
        null,
        1,
        5,
        5,
        null,
        null,
        1,
        3,
        3,
        3,
        null,
        null,
        1,
        2,
        2,
        1,
        1,
        1,
        null,
        1,
        1,
        1,
        null,
        null,
        null,
        1,
        3,
        3,
        3,
        null,
        null,
        1,
        2,
        2,
        1,
        1,
        null,
        1,
        1,
        1,
        null,
        null,
        null,
        1,
        1,
        1,
        1,
        1,
        null,
        null,
        1,
        null,
        1,
        4,
        null,
        null
      ],
      "/Users/RyanWhitten/Web Development/setlistr/app/models/member.rb": [
        1,
        1,
        1,
        null,
        1,
        1,
        null
      ]
    },
    "timestamp": 1473604971
  }
}
